VCD info: dumpfile logs/lfsr_testbench.vcd opened for output.

============================================
  LFSR Testbench
============================================

[TEST 1] Reset Verification
[45000] Reset complete
  PASS: r_out after reset = 3'b001 (expected 3'b001)

[TEST 2] Free-Running Sequence (7 steps from 0x01, en=1)
  PASS: r_out step 1 = 3'b000 (expected 3'b000)
  PASS: r_out step 2 = 3'b010 (expected 3'b010)
  PASS: r_out step 3 = 3'b000 (expected 3'b000)
  PASS: r_out step 4 = 3'b000 (expected 3'b000)
  PASS: r_out step 5 = 3'b101 (expected 3'b101)
  PASS: r_out step 6 = 3'b001 (expected 3'b001)
  PASS: r_out step 7 = 3'b010 (expected 3'b010)

[TEST 3] Enable Control (en=0 holds state)
  PASS: r_out held after 5 cycles with en=0 = 3'b010 (expected 3'b010)

[TEST 4] Seed Load
  PASS: r_out after load 0x2B = 3'b101 (expected 3'b101)
  PASS: r_out 1 cycle after 0x2B = 3'b011 (expected 3'b011)

[TEST 5] Seed = 0 Protection
  PASS: r_out after load 0x00 (expect 0x01) = 3'b001 (expected 3'b001)

[TEST 6] Full Period Test (63 cycles back to start)
[265000] Reset complete
  PASS: r_out returned to initial value after 63 cycles

[TEST 7] Load During Operation (en=0 required)
[945000] Reset complete
  PASS: r_out after load 0x3F (en=0) = 3'b111 (expected 3'b111)
  PASS: r_out 1 cycle after 0x3F = 3'b110 (expected 3'b110)

[TEST 8] Enable Priority Over Load
[1065000] Reset complete
  PASS: r_out with en+load (should shift, not load) = 3'b000 (expected 3'b000)


============================================
  Test Summary
--------------------------------------------
  Total Tests:  16
  Passed:       16
  Failed:        0
--------------------------------------------
  Result:  ALL TESTS PASSED
============================================

test/lfsr_testbench.sv:294: $finish called at 1076000 (1ps)
